2021/06/10 12:36:32 [notice] 15378#15378: signal process started
2021/06/10 12:36:32 [notice] 3568#3568: using the "epoll" event method
2021/06/10 12:36:32 [notice] 3568#3568: start worker processes
2021/06/10 12:36:32 [notice] 3568#3568: start worker process 15379
2021/06/10 12:36:32 [notice] 3568#3568: start worker process 15380
2021/06/10 12:36:32 [notice] 3568#3568: start worker process 15381
2021/06/10 12:36:32 [notice] 3568#3568: start worker process 15382
2021/06/10 12:36:32 [notice] 3568#3568: signal 17 (SIGCHLD) received from 2601
2021/06/10 12:36:32 [notice] 3568#3568: worker process 2601 exited with code 0
2021/06/10 12:36:32 [notice] 3568#3568: signal 29 (SIGIO) received
2021/06/10 12:36:32 [notice] 3568#3568: signal 17 (SIGCHLD) received from 2602
2021/06/10 12:36:32 [notice] 3568#3568: worker process 2600 exited with code 0
2021/06/10 12:36:32 [notice] 3568#3568: worker process 2602 exited with code 0
2021/06/10 12:36:32 [notice] 3568#3568: signal 29 (SIGIO) received
2021/06/10 12:36:32 [notice] 3568#3568: signal 17 (SIGCHLD) received from 2603
2021/06/10 12:36:32 [notice] 3568#3568: worker process 2603 exited with code 0
2021/06/10 12:36:32 [notice] 3568#3568: signal 29 (SIGIO) received
2021/06/10 12:38:30 [info] 15382#15382: *59 client timed out (110: Connection timed out) while waiting for request, client: 10.168.164.61, server: 0.0.0.0:443
2021/06/10 12:39:26 [notice] 15807#15807: signal process started
2021/06/10 12:39:26 [notice] 3568#3568: signal 1 (SIGHUP) received from 15807, reconfiguring
2021/06/10 12:39:26 [notice] 3568#3568: reconfiguring
2021/06/10 12:39:26 [notice] 3568#3568: using the "epoll" event method
2021/06/10 12:39:26 [notice] 3568#3568: start worker processes
2021/06/10 12:39:26 [notice] 3568#3568: start worker process 15808
2021/06/10 12:39:26 [notice] 3568#3568: start worker process 15809
2021/06/10 12:39:26 [notice] 3568#3568: start worker process 15810
2021/06/10 12:39:26 [notice] 3568#3568: start worker process 15811
2021/06/10 12:39:26 [notice] 15382#15382: gracefully shutting down
2021/06/10 12:39:26 [notice] 15379#15379: gracefully shutting down
2021/06/10 12:39:26 [notice] 15380#15380: gracefully shutting down
2021/06/10 12:39:26 [notice] 15381#15381: gracefully shutting down
2021/06/10 12:39:26 [notice] 15382#15382: exiting
2021/06/10 12:39:26 [notice] 15379#15379: exiting
2021/06/10 12:39:26 [notice] 15380#15380: exiting
2021/06/10 12:39:26 [notice] 15382#15382: exit
2021/06/10 12:39:26 [notice] 15380#15380: exit
2021/06/10 12:39:26 [notice] 15379#15379: exit
2021/06/10 12:39:26 [notice] 3568#3568: signal 17 (SIGCHLD) received from 15380
2021/06/10 12:39:26 [notice] 3568#3568: worker process 15380 exited with code 0
2021/06/10 12:39:26 [notice] 3568#3568: worker process 15382 exited with code 0
2021/06/10 12:39:26 [notice] 3568#3568: signal 29 (SIGIO) received
2021/06/10 12:39:26 [notice] 3568#3568: signal 17 (SIGCHLD) received from 15379
2021/06/10 12:39:26 [notice] 3568#3568: worker process 15379 exited with code 0
2021/06/10 12:39:26 [notice] 3568#3568: signal 29 (SIGIO) received
2021/06/10 12:39:30 [notice] 15381#15381: exiting
2021/06/10 12:39:30 [notice] 15381#15381: exit
2021/06/10 12:39:30 [notice] 3568#3568: signal 17 (SIGCHLD) received from 15381
2021/06/10 12:39:30 [notice] 3568#3568: worker process 15381 exited with code 0
2021/06/10 12:39:30 [notice] 3568#3568: signal 29 (SIGIO) received
2021/06/10 12:41:06 [info] 15811#15811: *63 client timed out (110: Connection timed out) while waiting for request, client: 10.168.164.61, server: 0.0.0.0:443
